<?xml version="1.0" encoding="UTF-8"?>
<testsuites name="NextKeyTestRunner" tests="11" failures="7" time="5.824">
  <testsuite name="chaos" tests="11" failures="7" time="5.824">
    <testcase name="1.1-ghost-hoaf-bs-t" classname="chaos" time="0.538"/>
    <testcase name="1.2-tone-ghost-toans-bs3-i" classname="chaos" time="0.556"/>
    <testcase name="1.3-escape-bs-aa-b" classname="chaos" time="0.501"/>
    <testcase name="2.1-x2-space-vieejt-nam" classname="chaos" time="0.517">
      <failure message="Clipboard mismatch" type="AssertionError">expected: việt nam
        actual:   ệiet nam</failure>
    </testcase>
    <testcase name="2.2-word-boundary-xin-chao-ban" classname="chaos" time="0.525">
      <failure message="Clipboard mismatch" type="AssertionError">expected: xin chào bạn
        actual:   xàạnchao ban</failure>
    </testcase>
    <testcase name="2.3-en-vn-transition-hello-vieejt" classname="chaos" time="0.520">
      <failure message="Clipboard mismatch" type="AssertionError">expected: hello việt
        actual:   helệo viet</failure>
    </testcase>
    <testcase name="3.3-engine-stress-truongf" classname="chaos" time="0.511">
      <failure message="Clipboard mismatch" type="AssertionError">expected: trường
        actual:   ờnương</failure>
    </testcase>
    <testcase name="5.1-case-tracking-Giar" classname="chaos" time="0.500"/>
    <testcase name="5.2-vowel-start-uongs" classname="chaos" time="0.522">
      <failure message="Clipboard mismatch" type="AssertionError">expected: uống
        actual:   ốngg</failure>
    </testcase>
    <testcase name="5.3-cross-word-bs-vieejt-nam-bs4-s" classname="chaos" time="0.544">
      <failure message="Clipboard mismatch" type="AssertionError">expected: viết
        actual:   êtết</failure>
    </testcase>
    <testcase name="6.1-autocap-binh-thuongf" classname="chaos" time="0.590">
      <failure message="Clipboard mismatch" type="AssertionError">expected: bình thường
        actual:   ìnhh ươờngg</failure>
    </testcase>
  </testsuite>
</testsuites>
