<?xml version="1.0" encoding="UTF-8"?>
<testsuites name="NextKeyTestRunner" tests="11" failures="7" time="5.888">
  <testsuite name="chaos" tests="11" failures="7" time="5.888">
    <testcase name="1.1-ghost-hoaf-bs-t" classname="chaos" time="0.551"/>
    <testcase name="1.2-tone-ghost-toans-bs3-i" classname="chaos" time="0.547"/>
    <testcase name="1.3-escape-bs-aa-b" classname="chaos" time="0.507"/>
    <testcase name="2.1-x2-space-vieejt-nam" classname="chaos" time="0.524">
      <failure message="Clipboard mismatch" type="AssertionError">expected: việt nam
        actual:   ệiet nam</failure>
    </testcase>
    <testcase name="2.2-word-boundary-xin-chao-ban" classname="chaos" time="0.536">
      <failure message="Clipboard mismatch" type="AssertionError">expected: xin chào bạn
        actual:   xinhàoạn ban</failure>
    </testcase>
    <testcase name="2.3-en-vn-transition-hello-vieejt" classname="chaos" time="0.531">
      <failure message="Clipboard mismatch" type="AssertionError">expected: hello việt
        actual:   helệo viet</failure>
    </testcase>
    <testcase name="3.3-engine-stress-truongf" classname="chaos" time="0.521">
      <failure message="Clipboard mismatch" type="AssertionError">expected: trường
        actual:   tờương</failure>
    </testcase>
    <testcase name="5.1-case-tracking-Giar" classname="chaos" time="0.507"/>
    <testcase name="5.2-vowel-start-uongs" classname="chaos" time="0.529">
      <failure message="Clipboard mismatch" type="AssertionError">expected: uống
        actual:   ốngg</failure>
    </testcase>
    <testcase name="5.3-cross-word-bs-vieejt-nam-bs4-s" classname="chaos" time="0.549">
      <failure message="Clipboard mismatch" type="AssertionError">expected: viết
        actual:   ệtết</failure>
    </testcase>
    <testcase name="6.1-autocap-binh-thuongf" classname="chaos" time="0.586">
      <failure message="Clipboard mismatch" type="AssertionError">expected: bình thường
        actual:   ình ườnggnh</failure>
    </testcase>
  </testsuite>
</testsuites>
