<?xml version="1.0" encoding="UTF-8"?>
<testsuites name="NextKeyTestRunner" tests="11" failures="6" time="5.847">
  <testsuite name="chaos" tests="11" failures="6" time="5.847">
    <testcase name="1.1-ghost-hoaf-bs-t" classname="chaos" time="0.543"/>
    <testcase name="1.2-tone-ghost-toans-bs3-i" classname="chaos" time="0.556"/>
    <testcase name="1.3-escape-bs-aa-b" classname="chaos" time="0.507"/>
    <testcase name="2.1-x2-space-vieejt-nam" classname="chaos" time="0.520">
      <failure message="Clipboard mismatch" type="AssertionError">expected: việt nam
        actual:   ệiet nam</failure>
    </testcase>
    <testcase name="2.2-word-boundary-xin-chao-ban" classname="chaos" time="0.523">
      <failure message="Clipboard mismatch" type="AssertionError">expected: xin chào bạn
        actual:   xàạnchao ban</failure>
    </testcase>
    <testcase name="2.3-en-vn-transition-hello-vieejt" classname="chaos" time="0.521">
      <failure message="Clipboard mismatch" type="AssertionError">expected: hello việt
        actual:   helệo viet</failure>
    </testcase>
    <testcase name="3.3-engine-stress-truongf" classname="chaos" time="0.515">
      <failure message="Clipboard mismatch" type="AssertionError">expected: trường
        actual:   tờương</failure>
    </testcase>
    <testcase name="5.1-case-tracking-Giar" classname="chaos" time="0.506"/>
    <testcase name="5.2-vowel-start-uongs" classname="chaos" time="0.521">
      <failure message="Clipboard mismatch" type="AssertionError">expected: uống
        actual:   ốngg</failure>
    </testcase>
    <testcase name="5.3-cross-word-bs-vieejt-nam-bs4-s" classname="chaos" time="0.541">
      <failure message="Clipboard mismatch" type="AssertionError">expected: viết
        actual:   etết</failure>
    </testcase>
    <testcase name="6.1-autocap-binh-thuongf" classname="chaos" time="0.593"/>
  </testsuite>
</testsuites>
