<?xml version="1.0" encoding="UTF-8"?>
<testsuites name="VKeyTestRunner" tests="11" failures="0" time="6.315">
  <testsuite name="chaos" tests="11" failures="0" time="6.315">
    <testcase name="1.1-ghost-hoaf-bs-t" classname="chaos" time="0.582"/>
    <testcase name="1.2-tone-ghost-toans-bs3-i" classname="chaos" time="0.591"/>
    <testcase name="1.3-escape-bs-aa-b" classname="chaos" time="0.532"/>
    <testcase name="2.1-x2-space-vieejt-nam" classname="chaos" time="0.569"/>
    <testcase name="2.2-word-boundary-xin-chao-ban" classname="chaos" time="0.598"/>
    <testcase name="2.3-en-vn-transition-hello-vieejt" classname="chaos" time="0.582"/>
    <testcase name="3.3-engine-stress-truongf" classname="chaos" time="0.538"/>
    <testcase name="5.1-case-tracking-Giar" classname="chaos" time="0.532"/>
    <testcase name="5.2-vowel-start-uongs" classname="chaos" time="0.555"/>
    <testcase name="5.3-cross-word-bs-vieejt-nam-bs4-s" classname="chaos" time="0.604"/>
    <testcase name="6.1-autocap-binh-thuongf" classname="chaos" time="0.632"/>
  </testsuite>
</testsuites>
