<?xml version="1.0" encoding="UTF-8"?>
<testsuites name="NextKeyTestRunner" tests="11" failures="6" time="5.783">
  <testsuite name="chaos" tests="11" failures="6" time="5.783">
    <testcase name="1.1-ghost-hoaf-bs-t" classname="chaos" time="0.541"/>
    <testcase name="1.2-tone-ghost-toans-bs3-i" classname="chaos" time="0.542"/>
    <testcase name="1.3-escape-bs-aa-b" classname="chaos" time="0.496"/>
    <testcase name="2.1-x2-space-vieejt-nam" classname="chaos" time="0.512">
      <failure message="Clipboard mismatch" type="AssertionError">expected: việt nam
        actual:   ệiet nam</failure>
    </testcase>
    <testcase name="2.2-word-boundary-xin-chao-ban" classname="chaos" time="0.523">
      <failure message="Clipboard mismatch" type="AssertionError">expected: xin chào bạn
        actual:   xàạnchao ban</failure>
    </testcase>
    <testcase name="2.3-en-vn-transition-hello-vieejt" classname="chaos" time="0.520">
      <failure message="Clipboard mismatch" type="AssertionError">expected: hello việt
        actual:   helêệ viet</failure>
    </testcase>
    <testcase name="3.3-engine-stress-truongf" classname="chaos" time="0.511">
      <failure message="Clipboard mismatch" type="AssertionError">expected: trường
        actual:   tờương</failure>
    </testcase>
    <testcase name="5.1-case-tracking-Giar" classname="chaos" time="0.500"/>
    <testcase name="5.2-vowel-start-uongs" classname="chaos" time="0.519"/>
    <testcase name="5.3-cross-word-bs-vieejt-nam-bs4-s" classname="chaos" time="0.547">
      <failure message="Clipboard mismatch" type="AssertionError">expected: viết
        actual:   tếti</failure>
    </testcase>
    <testcase name="6.1-autocap-binh-thuongf" classname="chaos" time="0.572">
      <failure message="Clipboard mismatch" type="AssertionError">expected: bình thường
        actual:   bình ườnggn</failure>
    </testcase>
  </testsuite>
</testsuites>
