<?xml version="1.0" encoding="UTF-8"?>
<testsuites name="NextKeyTestRunner" tests="11" failures="7" time="5.853">
  <testsuite name="chaos" tests="11" failures="7" time="5.853">
    <testcase name="1.1-ghost-hoaf-bs-t" classname="chaos" time="0.550"/>
    <testcase name="1.2-tone-ghost-toans-bs3-i" classname="chaos" time="0.545">
      <failure message="Clipboard mismatch" type="AssertionError">expected: ti
        actual:   ni</failure>
    </testcase>
    <testcase name="1.3-escape-bs-aa-b" classname="chaos" time="0.506"/>
    <testcase name="2.1-x2-space-vieejt-nam" classname="chaos" time="0.518">
      <failure message="Clipboard mismatch" type="AssertionError">expected: việt nam
        actual:   vệet nam</failure>
    </testcase>
    <testcase name="2.2-word-boundary-xin-chao-ban" classname="chaos" time="0.533">
      <failure message="Clipboard mismatch" type="AssertionError">expected: xin chào bạn
        actual:   xàạnchao ban</failure>
    </testcase>
    <testcase name="2.3-en-vn-transition-hello-vieejt" classname="chaos" time="0.525">
      <failure message="Clipboard mismatch" type="AssertionError">expected: hello việt
        actual:   helệo viet</failure>
    </testcase>
    <testcase name="3.3-engine-stress-truongf" classname="chaos" time="0.528">
      <failure message="Clipboard mismatch" type="AssertionError">expected: trường
        actual:   ươờngg</failure>
    </testcase>
    <testcase name="5.1-case-tracking-Giar" classname="chaos" time="0.505"/>
    <testcase name="5.2-vowel-start-uongs" classname="chaos" time="0.524"/>
    <testcase name="5.3-cross-word-bs-vieejt-nam-bs4-s" classname="chaos" time="0.534">
      <failure message="Clipboard mismatch" type="AssertionError">expected: viết
        actual:   itết</failure>
    </testcase>
    <testcase name="6.1-autocap-binh-thuongf" classname="chaos" time="0.574">
      <failure message="Clipboard mismatch" type="AssertionError">expected: bình thường
        actual:   bình ườnggn</failure>
    </testcase>
  </testsuite>
</testsuites>
