<?xml version="1.0" encoding="UTF-8"?>
<testsuites name="NextKeyTestRunner" tests="11" failures="7" time="5.898">
  <testsuite name="chaos" tests="11" failures="7" time="5.898">
    <testcase name="1.1-ghost-hoaf-bs-t" classname="chaos" time="0.557"/>
    <testcase name="1.2-tone-ghost-toans-bs3-i" classname="chaos" time="0.551">
      <failure message="Clipboard mismatch" type="AssertionError">expected: ti
        actual:   in</failure>
    </testcase>
    <testcase name="1.3-escape-bs-aa-b" classname="chaos" time="0.506"/>
    <testcase name="2.1-x2-space-vieejt-nam" classname="chaos" time="0.521">
      <failure message="Clipboard mismatch" type="AssertionError">expected: việt nam
        actual:   ệiet nam</failure>
    </testcase>
    <testcase name="2.2-word-boundary-xin-chao-ban" classname="chaos" time="0.532">
      <failure message="Clipboard mismatch" type="AssertionError">expected: xin chào bạn
        actual:   xiàạnhao ban</failure>
    </testcase>
    <testcase name="2.3-en-vn-transition-hello-vieejt" classname="chaos" time="0.523">
      <failure message="Clipboard mismatch" type="AssertionError">expected: hello việt
        actual:   helệo viet</failure>
    </testcase>
    <testcase name="3.3-engine-stress-truongf" classname="chaos" time="0.516">
      <failure message="Clipboard mismatch" type="AssertionError">expected: trường
        actual:   tờương</failure>
    </testcase>
    <testcase name="5.1-case-tracking-Giar" classname="chaos" time="0.503"/>
    <testcase name="5.2-vowel-start-uongs" classname="chaos" time="0.535"/>
    <testcase name="5.3-cross-word-bs-vieejt-nam-bs4-s" classname="chaos" time="0.556">
      <failure message="Clipboard mismatch" type="AssertionError">expected: viết
        actual:   ết n</failure>
    </testcase>
    <testcase name="6.1-autocap-binh-thuongf" classname="chaos" time="0.597">
      <failure message="Clipboard mismatch" type="AssertionError">expected: bình thường
        actual:   bình tươờng</failure>
    </testcase>
  </testsuite>
</testsuites>
