<?xml version="1.0" encoding="UTF-8"?>
<testsuites name="NextKeyTestRunner" tests="11" failures="6" time="5.788">
  <testsuite name="chaos" tests="11" failures="6" time="5.788">
    <testcase name="1.1-ghost-hoaf-bs-t" classname="chaos" time="0.544"/>
    <testcase name="1.2-tone-ghost-toans-bs3-i" classname="chaos" time="0.544"/>
    <testcase name="1.3-escape-bs-aa-b" classname="chaos" time="0.499"/>
    <testcase name="2.1-x2-space-vieejt-nam" classname="chaos" time="0.512">
      <failure message="Clipboard mismatch" type="AssertionError">expected: việt nam
        actual:   ệiet nam</failure>
    </testcase>
    <testcase name="2.2-word-boundary-xin-chao-ban" classname="chaos" time="0.525">
      <failure message="Clipboard mismatch" type="AssertionError">expected: xin chào bạn
        actual:   xàạnchao ban</failure>
    </testcase>
    <testcase name="2.3-en-vn-transition-hello-vieejt" classname="chaos" time="0.519">
      <failure message="Clipboard mismatch" type="AssertionError">expected: hello việt
        actual:   heệlo viet</failure>
    </testcase>
    <testcase name="3.3-engine-stress-truongf" classname="chaos" time="0.506">
      <failure message="Clipboard mismatch" type="AssertionError">expected: trường
        actual:   ờnương</failure>
    </testcase>
    <testcase name="5.1-case-tracking-Giar" classname="chaos" time="0.505"/>
    <testcase name="5.2-vowel-start-uongs" classname="chaos" time="0.516"/>
    <testcase name="5.3-cross-word-bs-vieejt-nam-bs4-s" classname="chaos" time="0.543">
      <failure message="Clipboard mismatch" type="AssertionError">expected: viết
        actual:   ết n</failure>
    </testcase>
    <testcase name="6.1-autocap-binh-thuongf" classname="chaos" time="0.575">
      <failure message="Clipboard mismatch" type="AssertionError">expected: bình thường
        actual:   bình ươờngg</failure>
    </testcase>
  </testsuite>
</testsuites>
